<?xml version="1.0" encoding="UTF-8" ?>
<testsuite tests="7" failures="0" name="automatizado.test.LoginTest" time="2.011" errors="0" skipped="0">
  <properties>
    <property name="java.runtime.name" value="Java(TM) SE Runtime Environment"/>
    <property name="java.vm.version" value="17.0.1+12-LTS-39"/>
    <property name="sun.boot.library.path" value="C:\Program Files\Java\jdk-17.0.1\bin"/>
    <property name="maven.multiModuleProjectDirectory" value="C:\Users\Relliaze\Desktop\automatizado\automatizado"/>
    <property name="java.vm.vendor" value="Oracle Corporation"/>
    <property name="java.vendor.url" value="https://java.oracle.com/"/>
    <property name="guice.disable.misplaced.annotation.check" value="true"/>
    <property name="path.separator" value=";"/>
    <property name="java.vm.name" value="Java HotSpot(TM) 64-Bit Server VM"/>
    <property name="sun.os.patch.level" value=""/>
    <property name="user.script" value=""/>
    <property name="user.country" value="BR"/>
    <property name="sun.java.launcher" value="SUN_STANDARD"/>
    <property name="java.vm.specification.name" value="Java Virtual Machine Specification"/>
    <property name="user.dir" value="C:\Users\Relliaze\Desktop\automatizado\automatizado"/>
    <property name="java.vm.compressedOopsMode" value="32-bit"/>
    <property name="java.runtime.version" value="17.0.1+12-LTS-39"/>
    <property name="os.arch" value="amd64"/>
    <property name="java.io.tmpdir" value="C:\Users\Relliaze\AppData\Local\Temp\"/>
    <property name="line.separator" value="
"/>
    <property name="java.vm.specification.vendor" value="Oracle Corporation"/>
    <property name="user.variant" value=""/>
    <property name="os.name" value="Windows 10"/>
    <property name="classworlds.conf" value="C:\Users\Relliaze\Downloads\Maven\apache-maven-3.8.4\bin\m2.conf"/>
    <property name="sun.jnu.encoding" value="Cp1252"/>
    <property name="java.library.path" value="C:\Program Files\Java\jdk-17.0.1\bin;C:\WINDOWS\Sun\Java\bin;C:\WINDOWS\system32;C:\WINDOWS;C:\Program Files\Eclipse Adoptium\jdk-17.0.1.12-hotspot\bin;C:\Program Files\Common Files\Oracle\Java\javapath;C:\WINDOWS\system32;C:\WINDOWS;C:\WINDOWS\System32\Wbem;C:\WINDOWS\System32\WindowsPowerShell\v1.0\;C:\WINDOWS\System32\OpenSSH\;C:\Program Files (x86)\Brackets\command;C:\Program Files\Java\jdk1.8.0_301\bin;C:\Users\Relliaze\AppData\Local\Android\Sdk\tools;C:\Users\Relliaze\AppData\Local\Android\Sdk\tools\bin;C:\Users\Relliaze\AppData\Local\Android\Sdk\platform-tools;&quot;C:\Program Files\nodejs\;C:\Program Files\Java\jdk-17.0.1\bin&quot;;C:\Users\Relliaze\Downloads\Maven\apache-maven-3.8.4\bin;C:\Users\Relliaze\AppData\Local\Microsoft\WindowsApps;C:\Users\Relliaze\AppData\Local\Android\Sdk\tools;C:\Users\Relliaze\AppData\Local\Android\Sdk\tools\bin;C:\Users\Relliaze\AppData\Local\Android\Sdk\platform-tools;C:\Users\Relliaze\AppData\Roaming\npm;C:\Users\Relliaze\AppData\Local\Programs\Microsoft VS Code\bin;."/>
    <property name="maven.conf" value="C:\Users\Relliaze\Downloads\Maven\apache-maven-3.8.4/conf"/>
    <property name="jdk.debug" value="release"/>
    <property name="java.class.version" value="61.0"/>
    <property name="java.specification.name" value="Java Platform API Specification"/>
    <property name="sun.management.compiler" value="HotSpot 64-Bit Tiered Compilers"/>
    <property name="os.version" value="10.0"/>
    <property name="library.jansi.path" value="C:\Users\Relliaze\Downloads\Maven\apache-maven-3.8.4\lib\jansi-native"/>
    <property name="user.home" value="C:\Users\Relliaze"/>
    <property name="user.timezone" value="America/Sao_Paulo"/>
    <property name="file.encoding" value="Cp1252"/>
    <property name="java.specification.version" value="17"/>
    <property name="user.name" value="Kyodai"/>
    <property name="java.class.path" value="C:\Users\Relliaze\Downloads\Maven\apache-maven-3.8.4\boot\plexus-classworlds-2.6.0.jar"/>
    <property name="java.vm.specification.version" value="17"/>
    <property name="sun.arch.data.model" value="64"/>
    <property name="sun.java.command" value="org.codehaus.plexus.classworlds.launcher.Launcher test"/>
    <property name="java.home" value="C:\Program Files\Java\jdk-17.0.1"/>
    <property name="user.language" value="pt"/>
    <property name="java.specification.vendor" value="Oracle Corporation"/>
    <property name="java.vm.info" value="mixed mode, sharing"/>
    <property name="java.version" value="17.0.1"/>
    <property name="native.encoding" value="Cp1252"/>
    <property name="java.vendor" value="Oracle Corporation"/>
    <property name="sun.stderr.encoding" value="cp850"/>
    <property name="maven.home" value="C:\Users\Relliaze\Downloads\Maven\apache-maven-3.8.4"/>
    <property name="file.separator" value="\"/>
    <property name="java.version.date" value="2021-10-19"/>
    <property name="java.vendor.url.bug" value="https://bugreport.java.com/bugreport/"/>
    <property name="sun.io.unicode.encoding" value="UnicodeLittle"/>
    <property name="sun.cpu.endian" value="little"/>
    <property name="sun.stdout.encoding" value="cp850"/>
    <property name="sun.cpu.isalist" value="amd64"/>
  </properties>
  <testcase classname="automatizado.test.LoginTest" name="TC001_nãoDeveLogarNoSistemaComEmailESenhaVazios" time="0.369"/>
  <testcase classname="automatizado.test.LoginTest" name="TC002_nãoDeveLogarNoSistemaComEmailIncorretoESenhaVazia" time="0.226"/>
  <testcase classname="automatizado.test.LoginTest" name="TC003_nãoDeveLogarNoSistemaComEmailVazioESenhaIncorreta" time="0.197"/>
  <testcase classname="automatizado.test.LoginTest" name="TC004_nãoDeveLogarNoSistemaComEmailIncorretoESenhaIncorreta" time="0.244"/>
  <testcase classname="automatizado.test.LoginTest" name="TC005_nãoDeveLogarNoSistemaComEmailCorretoESenhaIncorreta" time="0.268"/>
  <testcase classname="automatizado.test.LoginTest" name="TC006_nãoDeveLogarNoSistemaComEmailIncorretoESenhaCorreta" time="0.27"/>
  <testcase classname="automatizado.test.LoginTest" name="TC007_deveLogarNoSistemaComEmailESenhaCorretos" time="0.437"/>
</testsuite>